{
  message: 'Mon Aug 21 2023 11:21:19 GMT+0530 (India Standard Time):/employees/login:POST',
  level: 'info'
}
{ message: 'Logged in User Javed', level: 'info' }
{
  message: 'Mon Aug 21 2023 11:21:32 GMT+0530 (India Standard Time):/category:GET',
  level: 'info'
}
{ message: 'recieved all categories', level: 'info' }
{
  message: 'Mon Aug 21 2023 11:21:35 GMT+0530 (India Standard Time):/category:GET',
  level: 'info'
}
{ message: 'recieved all categories', level: 'info' }
{
  message: 'Mon Aug 21 2023 11:21:49 GMT+0530 (India Standard Time):/subcategory:GET',
  level: 'info'
}
{ message: 'Received All Subcategories', level: 'info' }
{
  message: 'Mon Aug 21 2023 11:23:41 GMT+0530 (India Standard Time):/assets:GET',
  level: 'info'
}
{ message: 'message:jwt malformed ', level: 'error' }
{
  message: 'Mon Aug 21 2023 11:23:49 GMT+0530 (India Standard Time):/employees/login:POST',
  level: 'info'
}
{ message: 'Logged in User Javed', level: 'info' }
{
  message: 'Mon Aug 21 2023 11:24:16 GMT+0530 (India Standard Time):/employees/login:POST',
  level: 'info'
}
{ message: 'Logged in User Javed', level: 'info' }
{
  message: 'Mon Aug 21 2023 11:24:58 GMT+0530 (India Standard Time):/assets:GET',
  level: 'info'
}
{ message: 'Received All Assets', level: 'info' }
{
  message: 'Mon Aug 21 2023 11:25:07 GMT+0530 (India Standard Time):/assets/employee/2:GET',
  level: 'info'
}
{
  message: 'Mon Aug 21 2023 11:25:18 GMT+0530 (India Standard Time):/assets/subcategory/2:GET',
  level: 'info'
}
{
  message: 'Mon Aug 21 2023 11:32:21 GMT+0530 (India Standard Time):/assets/subcategory/2:GET',
  level: 'info'
}
{ message: 'Received Assets', level: 'info' }
{
  message: 'Mon Aug 21 2023 11:32:26 GMT+0530 (India Standard Time):/subcategory/category/1:GET',
  level: 'info'
}
{ message: 'message:jwt expired ', level: 'error' }
{
  message: 'Mon Aug 21 2023 11:32:39 GMT+0530 (India Standard Time):/subcategory/category/1:GET',
  level: 'info'
}
{ message: 'Received subcategories', level: 'info' }
{
  message: 'Mon Aug 21 2023 11:32:45 GMT+0530 (India Standard Time):/assets/employee/2:GET',
  level: 'info'
}
{ message: 'Received Assets', level: 'info' }
